2020-08-31 22:58:42 [scrapy.utils.log] INFO: Scrapy 2.1.0 started (bot: smzdm)
2020-08-31 22:58:42 [scrapy.utils.log] INFO: Versions: lxml 4.5.0.0, libxml2 2.9.10, cssselect 1.1.0, parsel 1.6.0, w3lib 1.21.0, Twisted 20.3.0, Python 3.7.3 (v3.7.3:ef4ec6ed12, Mar 25 2019, 16:52:21) - [Clang 6.0 (clang-600.0.57)], pyOpenSSL 19.1.0 (OpenSSL 1.1.1g  21 Apr 2020), cryptography 2.9.2, Platform Darwin-18.2.0-x86_64-i386-64bit
2020-08-31 22:58:42 [scrapy.crawler] INFO: Overridden settings:
{'BOT_NAME': 'smzdm',
 'DOWNLOAD_DELAY': 1,
 'LOG_FILE': '/Users/cherrychan/Documents/Documents_cc/ZhangQian/Study/Python/code/mycode/Python001-class01/week10/product_analysis/smzdm.log',
 'LOG_LEVEL': 'INFO',
 'NEWSPIDER_MODULE': 'product_analysis.spiders',
 'SPIDER_MODULES': ['product_analysis.spiders']}
2020-08-31 22:58:42 [scrapy.extensions.telnet] INFO: Telnet Password: db3165a50e40912a
2020-08-31 22:58:42 [scrapy.middleware] INFO: Enabled extensions:
['scrapy.extensions.corestats.CoreStats',
 'scrapy.extensions.telnet.TelnetConsole',
 'scrapy.extensions.memusage.MemoryUsage',
 'scrapy.extensions.logstats.LogStats']
2020-08-31 22:58:42 [scrapy.middleware] INFO: Enabled downloader middlewares:
['scrapy.downloadermiddlewares.httpauth.HttpAuthMiddleware',
 'scrapy.downloadermiddlewares.downloadtimeout.DownloadTimeoutMiddleware',
 'scrapy.downloadermiddlewares.defaultheaders.DefaultHeadersMiddleware',
 'scrapy.downloadermiddlewares.useragent.UserAgentMiddleware',
 'scrapy.downloadermiddlewares.retry.RetryMiddleware',
 'scrapy.downloadermiddlewares.redirect.MetaRefreshMiddleware',
 'scrapy.downloadermiddlewares.httpcompression.HttpCompressionMiddleware',
 'scrapy.downloadermiddlewares.redirect.RedirectMiddleware',
 'scrapy.downloadermiddlewares.cookies.CookiesMiddleware',
 'scrapy.downloadermiddlewares.httpproxy.HttpProxyMiddleware',
 'scrapy.downloadermiddlewares.stats.DownloaderStats']
2020-08-31 22:58:42 [scrapy.middleware] INFO: Enabled spider middlewares:
['scrapy.spidermiddlewares.httperror.HttpErrorMiddleware',
 'scrapy.spidermiddlewares.offsite.OffsiteMiddleware',
 'scrapy.spidermiddlewares.referer.RefererMiddleware',
 'scrapy.spidermiddlewares.urllength.UrlLengthMiddleware',
 'scrapy.spidermiddlewares.depth.DepthMiddleware']
2020-08-31 22:58:42 [scrapy.middleware] INFO: Enabled item pipelines:
['product_analysis.pipelines.ProductAnalysisPipeline']
2020-08-31 22:58:42 [scrapy.core.engine] INFO: Spider opened
2020-08-31 22:58:42 [root] INFO: Connected to mysql: 127.0.0.1 on port: 3306, using db: b'db1', charset is: utf8mb4
2020-08-31 22:58:42 [scrapy.extensions.logstats] INFO: Crawled 0 pages (at 0 pages/min), scraped 0 items (at 0 items/min)
2020-08-31 22:58:42 [scrapy.extensions.telnet] INFO: Telnet console listening on 127.0.0.1:6023
2020-08-31 22:58:43 [smzdm] INFO: first ten product url: https://www.smzdm.com/p/24385226/
2020-08-31 22:58:43 [smzdm] INFO: first ten product url: https://www.smzdm.com/p/24383638/
2020-08-31 22:58:43 [smzdm] INFO: first ten product url: https://www.smzdm.com/p/24375242/
2020-08-31 22:58:43 [smzdm] INFO: first ten product url: https://www.smzdm.com/p/24370856/
2020-08-31 22:58:43 [smzdm] INFO: first ten product url: https://www.smzdm.com/p/24366039/
2020-08-31 22:58:43 [smzdm] INFO: first ten product url: https://www.smzdm.com/p/24362842/
2020-08-31 22:58:43 [smzdm] INFO: first ten product url: https://www.smzdm.com/p/24354965/
2020-08-31 22:58:43 [smzdm] INFO: first ten product url: https://www.smzdm.com/p/24345342/
2020-08-31 22:58:43 [smzdm] INFO: first ten product url: https://www.smzdm.com/p/24352792/
2020-08-31 22:58:43 [smzdm] INFO: first ten product url: https://www.smzdm.com/p/24352498/
2020-08-31 22:58:44 [smzdm] INFO: 30 comments on current page
2020-08-31 22:58:44 [root] INFO: Inserted ten comments to DB.
2020-08-31 22:58:44 [root] INFO: Inserted ten comments to DB.
2020-08-31 22:58:44 [smzdm] INFO: next page url is: https://www.smzdm.com/p/24385226/p2/#comments
2020-08-31 22:58:45 [smzdm] INFO: 30 comments on current page
2020-08-31 22:58:45 [root] INFO: Inserted ten comments to DB.
2020-08-31 22:58:45 [root] INFO: Inserted ten comments to DB.
2020-08-31 22:58:45 [root] INFO: Inserted ten comments to DB.
2020-08-31 22:58:45 [smzdm] INFO: next page url is: https://www.smzdm.com/p/24352498/p2/#comments
2020-08-31 22:58:46 [smzdm] INFO: 0 comments on current page
2020-08-31 22:58:48 [smzdm] INFO: 30 comments on current page
2020-08-31 22:58:48 [root] INFO: Inserted ten comments to DB.
2020-08-31 22:58:48 [root] INFO: Inserted ten comments to DB.
2020-08-31 22:58:48 [root] INFO: Inserted ten comments to DB.
2020-08-31 22:58:49 [smzdm] INFO: 0 comments on current page
2020-08-31 22:58:50 [smzdm] INFO: 2 comments on current page
2020-08-31 22:58:52 [smzdm] INFO: 2 comments on current page
2020-08-31 22:58:52 [smzdm] INFO: 0 comments on current page
2020-08-31 22:58:54 [smzdm] INFO: 3 comments on current page
2020-08-31 22:58:55 [smzdm] INFO: 1 comments on current page
2020-08-31 22:58:56 [smzdm] INFO: 8 comments on current page
2020-08-31 22:58:56 [root] INFO: Inserted ten comments to DB.
2020-08-31 22:58:57 [smzdm] INFO: 17 comments on current page
2020-08-31 22:58:57 [root] INFO: Inserted ten comments to DB.
2020-08-31 22:58:57 [root] INFO: Inserted ten comments to DB.
2020-08-31 22:58:57 [scrapy.core.engine] INFO: Closing spider (finished)
2020-08-31 22:58:57 [root] INFO: Inserted ten comments to DB.
2020-08-31 22:58:57 [root] INFO: DB connection closed.
2020-08-31 22:58:57 [scrapy.statscollectors] INFO: Dumping Scrapy stats:
{'downloader/request_bytes': 7130,
 'downloader/request_count': 13,
 'downloader/request_method_count/GET': 13,
 'downloader/response_bytes': 582709,
 'downloader/response_count': 13,
 'downloader/response_status_count/200': 13,
 'elapsed_time_seconds': 15.425044,
 'finish_reason': 'finished',
 'finish_time': datetime.datetime(2020, 8, 31, 14, 58, 57, 953996),
 'item_scraped_count': 123,
 'log_count/INFO': 48,
 'memusage/max': 52105216,
 'memusage/startup': 52105216,
 'request_depth_max': 2,
 'response_received_count': 13,
 'scheduler/dequeued': 13,
 'scheduler/dequeued/memory': 13,
 'scheduler/enqueued': 13,
 'scheduler/enqueued/memory': 13,
 'start_time': datetime.datetime(2020, 8, 31, 14, 58, 42, 528952)}
2020-08-31 22:58:57 [scrapy.core.engine] INFO: Spider closed (finished)
2020-08-31 23:00:04 [scrapy.utils.log] INFO: Scrapy 2.1.0 started (bot: smzdm)
2020-08-31 23:00:04 [scrapy.utils.log] INFO: Versions: lxml 4.5.0.0, libxml2 2.9.10, cssselect 1.1.0, parsel 1.6.0, w3lib 1.21.0, Twisted 20.3.0, Python 3.7.3 (v3.7.3:ef4ec6ed12, Mar 25 2019, 16:52:21) - [Clang 6.0 (clang-600.0.57)], pyOpenSSL 19.1.0 (OpenSSL 1.1.1g  21 Apr 2020), cryptography 2.9.2, Platform Darwin-18.2.0-x86_64-i386-64bit
2020-08-31 23:00:04 [scrapy.crawler] INFO: Overridden settings:
{'BOT_NAME': 'smzdm',
 'DOWNLOAD_DELAY': 1,
 'LOG_FILE': '/Users/cherrychan/Documents/Documents_cc/ZhangQian/Study/Python/code/mycode/Python001-class01/week10/product_analysis/smzdm.log',
 'LOG_LEVEL': 'INFO',
 'NEWSPIDER_MODULE': 'product_analysis.spiders',
 'SPIDER_MODULES': ['product_analysis.spiders']}
2020-08-31 23:00:04 [scrapy.extensions.telnet] INFO: Telnet Password: 20940fd3005fd939
2020-08-31 23:00:04 [scrapy.middleware] INFO: Enabled extensions:
['scrapy.extensions.corestats.CoreStats',
 'scrapy.extensions.telnet.TelnetConsole',
 'scrapy.extensions.memusage.MemoryUsage',
 'scrapy.extensions.logstats.LogStats']
2020-08-31 23:00:04 [scrapy.middleware] INFO: Enabled downloader middlewares:
['scrapy.downloadermiddlewares.httpauth.HttpAuthMiddleware',
 'scrapy.downloadermiddlewares.downloadtimeout.DownloadTimeoutMiddleware',
 'scrapy.downloadermiddlewares.defaultheaders.DefaultHeadersMiddleware',
 'scrapy.downloadermiddlewares.useragent.UserAgentMiddleware',
 'scrapy.downloadermiddlewares.retry.RetryMiddleware',
 'scrapy.downloadermiddlewares.redirect.MetaRefreshMiddleware',
 'scrapy.downloadermiddlewares.httpcompression.HttpCompressionMiddleware',
 'scrapy.downloadermiddlewares.redirect.RedirectMiddleware',
 'scrapy.downloadermiddlewares.cookies.CookiesMiddleware',
 'scrapy.downloadermiddlewares.httpproxy.HttpProxyMiddleware',
 'scrapy.downloadermiddlewares.stats.DownloaderStats']
2020-08-31 23:00:04 [scrapy.middleware] INFO: Enabled spider middlewares:
['scrapy.spidermiddlewares.httperror.HttpErrorMiddleware',
 'scrapy.spidermiddlewares.offsite.OffsiteMiddleware',
 'scrapy.spidermiddlewares.referer.RefererMiddleware',
 'scrapy.spidermiddlewares.urllength.UrlLengthMiddleware',
 'scrapy.spidermiddlewares.depth.DepthMiddleware']
2020-08-31 23:00:04 [scrapy.middleware] INFO: Enabled item pipelines:
['product_analysis.pipelines.ProductAnalysisPipeline']
2020-08-31 23:00:04 [scrapy.core.engine] INFO: Spider opened
2020-08-31 23:00:04 [root] INFO: Connected to mysql: 127.0.0.1 on port: 3306, using db: b'db1', charset is: utf8mb4
2020-08-31 23:00:04 [scrapy.extensions.logstats] INFO: Crawled 0 pages (at 0 pages/min), scraped 0 items (at 0 items/min)
2020-08-31 23:00:04 [scrapy.extensions.telnet] INFO: Telnet console listening on 127.0.0.1:6023
2020-08-31 23:00:05 [smzdm] INFO: first ten product url: https://www.smzdm.com/p/24385226/
2020-08-31 23:00:05 [smzdm] INFO: first ten product url: https://www.smzdm.com/p/24383638/
2020-08-31 23:00:05 [smzdm] INFO: first ten product url: https://www.smzdm.com/p/24375242/
2020-08-31 23:00:05 [smzdm] INFO: first ten product url: https://www.smzdm.com/p/24370856/
2020-08-31 23:00:05 [smzdm] INFO: first ten product url: https://www.smzdm.com/p/24366039/
2020-08-31 23:00:05 [smzdm] INFO: first ten product url: https://www.smzdm.com/p/24362842/
2020-08-31 23:00:05 [smzdm] INFO: first ten product url: https://www.smzdm.com/p/24354965/
2020-08-31 23:00:05 [smzdm] INFO: first ten product url: https://www.smzdm.com/p/24345342/
2020-08-31 23:00:05 [smzdm] INFO: first ten product url: https://www.smzdm.com/p/24352792/
2020-08-31 23:00:05 [smzdm] INFO: first ten product url: https://www.smzdm.com/p/24352498/
2020-08-31 23:00:06 [smzdm] INFO: 30 comments on current page
2020-08-31 23:00:06 [root] INFO: Inserted 10 comments to DB.
2020-08-31 23:00:06 [root] INFO: Inserted 10 comments to DB.
2020-08-31 23:00:06 [smzdm] INFO: next page url is: https://www.smzdm.com/p/24385226/p2/#comments
2020-08-31 23:00:07 [smzdm] INFO: 30 comments on current page
2020-08-31 23:00:07 [root] INFO: Inserted 10 comments to DB.
2020-08-31 23:00:07 [root] INFO: Inserted 10 comments to DB.
2020-08-31 23:00:07 [root] INFO: Inserted 10 comments to DB.
2020-08-31 23:00:07 [smzdm] INFO: next page url is: https://www.smzdm.com/p/24352498/p2/#comments
2020-08-31 23:00:09 [smzdm] INFO: 0 comments on current page
2020-08-31 23:00:10 [smzdm] INFO: 30 comments on current page
2020-08-31 23:00:10 [root] INFO: Inserted 10 comments to DB.
2020-08-31 23:00:10 [root] INFO: Inserted 10 comments to DB.
2020-08-31 23:00:10 [root] INFO: Inserted 10 comments to DB.
2020-08-31 23:00:11 [smzdm] INFO: 0 comments on current page
2020-08-31 23:00:12 [smzdm] INFO: 2 comments on current page
2020-08-31 23:00:13 [smzdm] INFO: 2 comments on current page
2020-08-31 23:00:14 [smzdm] INFO: 0 comments on current page
2020-08-31 23:00:15 [smzdm] INFO: 3 comments on current page
2020-08-31 23:00:16 [smzdm] INFO: 1 comments on current page
2020-08-31 23:00:17 [smzdm] INFO: 8 comments on current page
2020-08-31 23:00:17 [root] INFO: Inserted 10 comments to DB.
2020-08-31 23:00:18 [smzdm] INFO: 17 comments on current page
2020-08-31 23:00:18 [root] INFO: Inserted 10 comments to DB.
2020-08-31 23:00:18 [root] INFO: Inserted 10 comments to DB.
2020-08-31 23:00:18 [scrapy.core.engine] INFO: Closing spider (finished)
2020-08-31 23:00:18 [root] INFO: Inserted 2 comments to DB.
2020-08-31 23:00:18 [root] INFO: DB connection closed.
2020-08-31 23:00:18 [scrapy.statscollectors] INFO: Dumping Scrapy stats:
{'downloader/request_bytes': 7106,
 'downloader/request_count': 13,
 'downloader/request_method_count/GET': 13,
 'downloader/response_bytes': 582697,
 'downloader/response_count': 13,
 'downloader/response_status_count/200': 13,
 'elapsed_time_seconds': 13.793377,
 'finish_reason': 'finished',
 'finish_time': datetime.datetime(2020, 8, 31, 15, 0, 18, 681721),
 'item_scraped_count': 123,
 'log_count/INFO': 48,
 'memusage/max': 52240384,
 'memusage/startup': 52240384,
 'request_depth_max': 2,
 'response_received_count': 13,
 'scheduler/dequeued': 13,
 'scheduler/dequeued/memory': 13,
 'scheduler/enqueued': 13,
 'scheduler/enqueued/memory': 13,
 'start_time': datetime.datetime(2020, 8, 31, 15, 0, 4, 888344)}
2020-08-31 23:00:18 [scrapy.core.engine] INFO: Spider closed (finished)
2020-09-01 09:12:49 [scrapy.utils.log] INFO: Scrapy 2.1.0 started (bot: smzdm)
2020-09-01 09:12:49 [scrapy.utils.log] INFO: Versions: lxml 4.5.0.0, libxml2 2.9.10, cssselect 1.1.0, parsel 1.6.0, w3lib 1.21.0, Twisted 20.3.0, Python 3.7.3 (v3.7.3:ef4ec6ed12, Mar 25 2019, 16:52:21) - [Clang 6.0 (clang-600.0.57)], pyOpenSSL 19.1.0 (OpenSSL 1.1.1g  21 Apr 2020), cryptography 2.9.2, Platform Darwin-18.2.0-x86_64-i386-64bit
2020-09-01 09:12:49 [scrapy.crawler] INFO: Overridden settings:
{'BOT_NAME': 'smzdm',
 'DOWNLOAD_DELAY': 1,
 'LOG_FILE': '/Users/cherrychan/Documents/Documents_cc/ZhangQian/Study/Python/code/mycode/Python001-class01/week10/product_analysis/smzdm.log',
 'LOG_LEVEL': 'INFO',
 'NEWSPIDER_MODULE': 'product_analysis.spiders',
 'SPIDER_MODULES': ['product_analysis.spiders']}
2020-09-01 09:12:49 [scrapy.extensions.telnet] INFO: Telnet Password: e3ed503c4823b29b
2020-09-01 09:12:49 [scrapy.middleware] INFO: Enabled extensions:
['scrapy.extensions.corestats.CoreStats',
 'scrapy.extensions.telnet.TelnetConsole',
 'scrapy.extensions.memusage.MemoryUsage',
 'scrapy.extensions.logstats.LogStats']
2020-09-01 09:12:49 [scrapy.middleware] INFO: Enabled downloader middlewares:
['scrapy.downloadermiddlewares.httpauth.HttpAuthMiddleware',
 'scrapy.downloadermiddlewares.downloadtimeout.DownloadTimeoutMiddleware',
 'scrapy.downloadermiddlewares.defaultheaders.DefaultHeadersMiddleware',
 'scrapy.downloadermiddlewares.useragent.UserAgentMiddleware',
 'scrapy.downloadermiddlewares.retry.RetryMiddleware',
 'scrapy.downloadermiddlewares.redirect.MetaRefreshMiddleware',
 'scrapy.downloadermiddlewares.httpcompression.HttpCompressionMiddleware',
 'scrapy.downloadermiddlewares.redirect.RedirectMiddleware',
 'scrapy.downloadermiddlewares.cookies.CookiesMiddleware',
 'scrapy.downloadermiddlewares.httpproxy.HttpProxyMiddleware',
 'scrapy.downloadermiddlewares.stats.DownloaderStats']
2020-09-01 09:12:49 [scrapy.middleware] INFO: Enabled spider middlewares:
['scrapy.spidermiddlewares.httperror.HttpErrorMiddleware',
 'scrapy.spidermiddlewares.offsite.OffsiteMiddleware',
 'scrapy.spidermiddlewares.referer.RefererMiddleware',
 'scrapy.spidermiddlewares.urllength.UrlLengthMiddleware',
 'scrapy.spidermiddlewares.depth.DepthMiddleware']
2020-09-01 09:12:49 [scrapy.middleware] INFO: Enabled item pipelines:
['product_analysis.pipelines.ProductAnalysisPipeline']
2020-09-01 09:12:49 [scrapy.core.engine] INFO: Spider opened
2020-09-01 09:12:49 [root] INFO: Connected to mysql: 127.0.0.1 on port: 3306, using db: b'db1', charset is: utf8mb4
2020-09-01 09:12:49 [scrapy.extensions.logstats] INFO: Crawled 0 pages (at 0 pages/min), scraped 0 items (at 0 items/min)
2020-09-01 09:12:49 [scrapy.extensions.telnet] INFO: Telnet console listening on 127.0.0.1:6023
2020-09-01 09:12:50 [smzdm] INFO: first ten product url: https://www.smzdm.com/p/24416912/
2020-09-01 09:12:50 [smzdm] INFO: first ten product url: https://www.smzdm.com/p/24416782/
2020-09-01 09:12:50 [smzdm] INFO: first ten product url: https://www.smzdm.com/p/24415348/
2020-09-01 09:12:50 [smzdm] INFO: first ten product url: https://www.smzdm.com/p/24415335/
2020-09-01 09:12:50 [smzdm] INFO: first ten product url: https://www.smzdm.com/p/24415302/
2020-09-01 09:12:50 [smzdm] INFO: first ten product url: https://www.smzdm.com/p/24414246/
2020-09-01 09:12:50 [smzdm] INFO: first ten product url: https://www.smzdm.com/p/24413288/
2020-09-01 09:12:50 [smzdm] INFO: first ten product url: https://www.smzdm.com/p/24413076/
2020-09-01 09:12:50 [smzdm] INFO: first ten product url: https://www.smzdm.com/p/24412872/
2020-09-01 09:12:50 [smzdm] INFO: first ten product url: https://www.smzdm.com/p/24411766/
2020-09-01 09:12:51 [smzdm] INFO: 4 comments on current page
2020-09-01 09:12:53 [smzdm] INFO: 0 comments on current page
2020-09-01 09:12:53 [smzdm] INFO: 7 comments on current page
2020-09-01 09:12:54 [root] INFO: Inserted 10 comments to DB.
2020-09-01 09:12:55 [smzdm] INFO: 0 comments on current page
2020-09-01 09:12:56 [smzdm] INFO: 0 comments on current page
2020-09-01 09:12:57 [smzdm] INFO: 0 comments on current page
2020-09-01 09:12:58 [smzdm] INFO: 5 comments on current page
2020-09-01 09:12:59 [smzdm] INFO: 2 comments on current page
2020-09-01 09:13:01 [smzdm] INFO: 0 comments on current page
2020-09-01 09:13:02 [smzdm] INFO: 0 comments on current page
2020-09-01 09:13:02 [scrapy.core.engine] INFO: Closing spider (finished)
2020-09-01 09:13:02 [root] INFO: Inserted 7 comments to DB.
2020-09-01 09:13:02 [root] INFO: DB connection closed.
2020-09-01 09:13:02 [scrapy.statscollectors] INFO: Dumping Scrapy stats:
{'downloader/request_bytes': 6018,
 'downloader/request_count': 11,
 'downloader/request_method_count/GET': 11,
 'downloader/response_bytes': 446992,
 'downloader/response_count': 11,
 'downloader/response_status_count/200': 11,
 'elapsed_time_seconds': 13.302369,
 'finish_reason': 'finished',
 'finish_time': datetime.datetime(2020, 9, 1, 1, 13, 2, 771630),
 'item_scraped_count': 18,
 'log_count/INFO': 34,
 'memusage/max': 52072448,
 'memusage/startup': 52072448,
 'request_depth_max': 1,
 'response_received_count': 11,
 'scheduler/dequeued': 11,
 'scheduler/dequeued/memory': 11,
 'scheduler/enqueued': 11,
 'scheduler/enqueued/memory': 11,
 'start_time': datetime.datetime(2020, 9, 1, 1, 12, 49, 469261)}
2020-09-01 09:13:02 [scrapy.core.engine] INFO: Spider closed (finished)
2020-09-01 09:14:03 [scrapy.utils.log] INFO: Scrapy 2.1.0 started (bot: smzdm)
2020-09-01 09:14:03 [scrapy.utils.log] INFO: Versions: lxml 4.5.0.0, libxml2 2.9.10, cssselect 1.1.0, parsel 1.6.0, w3lib 1.21.0, Twisted 20.3.0, Python 3.7.3 (v3.7.3:ef4ec6ed12, Mar 25 2019, 16:52:21) - [Clang 6.0 (clang-600.0.57)], pyOpenSSL 19.1.0 (OpenSSL 1.1.1g  21 Apr 2020), cryptography 2.9.2, Platform Darwin-18.2.0-x86_64-i386-64bit
2020-09-01 09:14:03 [scrapy.crawler] INFO: Overridden settings:
{'BOT_NAME': 'smzdm',
 'DOWNLOAD_DELAY': 1,
 'LOG_FILE': '/Users/cherrychan/Documents/Documents_cc/ZhangQian/Study/Python/code/mycode/Python001-class01/week10/product_analysis/smzdm.log',
 'LOG_LEVEL': 'INFO',
 'NEWSPIDER_MODULE': 'product_analysis.spiders',
 'SPIDER_MODULES': ['product_analysis.spiders']}
2020-09-01 09:14:03 [scrapy.extensions.telnet] INFO: Telnet Password: b0b613422a6563ce
2020-09-01 09:14:03 [scrapy.middleware] INFO: Enabled extensions:
['scrapy.extensions.corestats.CoreStats',
 'scrapy.extensions.telnet.TelnetConsole',
 'scrapy.extensions.memusage.MemoryUsage',
 'scrapy.extensions.logstats.LogStats']
2020-09-01 09:14:03 [scrapy.middleware] INFO: Enabled downloader middlewares:
['scrapy.downloadermiddlewares.httpauth.HttpAuthMiddleware',
 'scrapy.downloadermiddlewares.downloadtimeout.DownloadTimeoutMiddleware',
 'scrapy.downloadermiddlewares.defaultheaders.DefaultHeadersMiddleware',
 'scrapy.downloadermiddlewares.useragent.UserAgentMiddleware',
 'scrapy.downloadermiddlewares.retry.RetryMiddleware',
 'scrapy.downloadermiddlewares.redirect.MetaRefreshMiddleware',
 'scrapy.downloadermiddlewares.httpcompression.HttpCompressionMiddleware',
 'scrapy.downloadermiddlewares.redirect.RedirectMiddleware',
 'scrapy.downloadermiddlewares.cookies.CookiesMiddleware',
 'scrapy.downloadermiddlewares.httpproxy.HttpProxyMiddleware',
 'scrapy.downloadermiddlewares.stats.DownloaderStats']
2020-09-01 09:14:03 [scrapy.middleware] INFO: Enabled spider middlewares:
['scrapy.spidermiddlewares.httperror.HttpErrorMiddleware',
 'scrapy.spidermiddlewares.offsite.OffsiteMiddleware',
 'scrapy.spidermiddlewares.referer.RefererMiddleware',
 'scrapy.spidermiddlewares.urllength.UrlLengthMiddleware',
 'scrapy.spidermiddlewares.depth.DepthMiddleware']
2020-09-01 09:14:03 [scrapy.middleware] INFO: Enabled item pipelines:
['product_analysis.pipelines.ProductAnalysisPipeline']
2020-09-01 09:14:03 [scrapy.core.engine] INFO: Spider opened
2020-09-01 09:14:03 [root] INFO: Connected to mysql: 127.0.0.1 on port: 3306, using db: b'db1', charset is: utf8mb4
2020-09-01 09:14:03 [scrapy.extensions.logstats] INFO: Crawled 0 pages (at 0 pages/min), scraped 0 items (at 0 items/min)
2020-09-01 09:14:03 [scrapy.extensions.telnet] INFO: Telnet console listening on 127.0.0.1:6023
2020-09-01 09:14:04 [smzdm] INFO: first ten product url: https://www.smzdm.com/p/24416912/
2020-09-01 09:14:04 [smzdm] INFO: first ten product url: https://www.smzdm.com/p/24416782/
2020-09-01 09:14:04 [smzdm] INFO: first ten product url: https://www.smzdm.com/p/24415348/
2020-09-01 09:14:04 [smzdm] INFO: first ten product url: https://www.smzdm.com/p/24415335/
2020-09-01 09:14:04 [smzdm] INFO: first ten product url: https://www.smzdm.com/p/24415302/
2020-09-01 09:14:04 [smzdm] INFO: first ten product url: https://www.smzdm.com/p/24414246/
2020-09-01 09:14:04 [smzdm] INFO: first ten product url: https://www.smzdm.com/p/24413288/
2020-09-01 09:14:04 [smzdm] INFO: first ten product url: https://www.smzdm.com/p/24413076/
2020-09-01 09:14:04 [smzdm] INFO: first ten product url: https://www.smzdm.com/p/24412872/
2020-09-01 09:14:04 [smzdm] INFO: first ten product url: https://www.smzdm.com/p/24411766/
2020-09-01 09:14:05 [smzdm] INFO: 4 comments on current page
2020-09-01 09:14:06 [smzdm] INFO: 0 comments on current page
2020-09-01 09:14:07 [smzdm] INFO: 7 comments on current page
2020-09-01 09:14:07 [root] INFO: Inserted 10 comments to DB.
2020-09-01 09:14:09 [smzdm] INFO: 0 comments on current page
2020-09-01 09:14:10 [smzdm] INFO: 0 comments on current page
2020-09-01 09:14:11 [smzdm] INFO: 0 comments on current page
2020-09-01 09:14:13 [smzdm] INFO: 5 comments on current page
2020-09-01 09:14:14 [smzdm] INFO: 2 comments on current page
2020-09-01 09:14:15 [smzdm] INFO: 0 comments on current page
2020-09-01 09:14:16 [smzdm] INFO: 0 comments on current page
2020-09-01 09:14:16 [scrapy.core.engine] INFO: Closing spider (finished)
2020-09-01 09:14:16 [root] INFO: Inserted 7 comments to DB.
2020-09-01 09:14:16 [root] INFO: DB connection closed.
2020-09-01 09:14:16 [scrapy.statscollectors] INFO: Dumping Scrapy stats:
{'downloader/request_bytes': 6018,
 'downloader/request_count': 11,
 'downloader/request_method_count/GET': 11,
 'downloader/response_bytes': 446991,
 'downloader/response_count': 11,
 'downloader/response_status_count/200': 11,
 'elapsed_time_seconds': 12.863747,
 'finish_reason': 'finished',
 'finish_time': datetime.datetime(2020, 9, 1, 1, 14, 16, 392260),
 'item_scraped_count': 18,
 'log_count/INFO': 34,
 'memusage/max': 52133888,
 'memusage/startup': 52133888,
 'request_depth_max': 1,
 'response_received_count': 11,
 'scheduler/dequeued': 11,
 'scheduler/dequeued/memory': 11,
 'scheduler/enqueued': 11,
 'scheduler/enqueued/memory': 11,
 'start_time': datetime.datetime(2020, 9, 1, 1, 14, 3, 528513)}
2020-09-01 09:14:16 [scrapy.core.engine] INFO: Spider closed (finished)
